<?xml version="1.0" encoding="UTF-8"?>
<testng-results ignored="0" total="1" passed="1" failed="0" skipped="0">
  <reporter-output>
  </reporter-output>
  <suite started-at="2025-05-29T20:11:37 CEST" name="Default suite" finished-at="2025-05-29T20:11:42 CEST" duration-ms="4289">
    <groups>
      <group name="sanity">
        <method signature="LoginTest.loginTestCopy1()[pri:0, instance:com.ui.test.LoginTest@235834f2]" name="loginTestCopy1" class="com.ui.test.LoginTest"/>
      </group> <!-- sanity -->
      <group name="e2e">
        <method signature="LoginTest.loginTestCopy1()[pri:0, instance:com.ui.test.LoginTest@235834f2]" name="loginTestCopy1" class="com.ui.test.LoginTest"/>
      </group> <!-- e2e -->
    </groups>
    <test started-at="2025-05-29T20:11:37 CEST" name="Default test" finished-at="2025-05-29T20:11:42 CEST" duration-ms="4289">
      <class name="com.ui.test.LoginTest">
        <test-method is-config="true" signature="setup()[pri:0, instance:com.ui.test.LoginTest@235834f2]" started-at="2025-05-29T20:11:38 CEST" name="setup" description="Load the HomePage of the website" finished-at="2025-05-29T20:11:40 CEST" duration-ms="2729" status="PASS">
          <reporter-output>
          </reporter-output>
        </test-method> <!-- setup -->
        <test-method signature="loginTestCopy1()[pri:0, instance:com.ui.test.LoginTest@235834f2]" started-at="2025-05-29T20:11:40 CEST" name="loginTestCopy1" description="verifies with the valid user is able to login " finished-at="2025-05-29T20:11:42 CEST" duration-ms="1346" status="PASS">
          <reporter-output>
          </reporter-output>
        </test-method> <!-- loginTestCopy1 -->
      </class> <!-- com.ui.test.LoginTest -->
    </test> <!-- Default test -->
  </suite> <!-- Default suite -->
</testng-results>
